# JRE version: OpenJDK Runtime Environment Temurin-17.0.7+7 (17.0.7+7) (build 17.0.7+7)
# Java VM: OpenJDK 64-Bit Server VM Temurin-17.0.7+7 (17.0.7+7, mixed mode, tiered, compressed oops, compressed class ptrs, parallel gc, windows-amd64)
GC Precious Log:
 CPUs: 8 total, 8 available
 Memory: 16231M
 Large Page Support: Disabled
 NUMA Support: Disabled
 Compressed Oops: Enabled (32-bit)
 Alignments: Space 512K, Generation 512K, Heap 2M
 Heap Min Capacity: 100M
 Heap Initial Capacity: 100M
 Heap Max Capacity: 1G
 Pre-touch: Disabled
 Parallel Workers: 8
Heap:
 PSYoungGen      total 17920K, used 4262K [0x00000000eab00000, 0x00000000ec080000, 0x0000000100000000)
  eden space 16896K, 22% used [0x00000000eab00000,0x00000000eaea3008,0x00000000ebb80000)
  from space 1024K, 52% used [0x00000000ebf80000,0x00000000ec006900,0x00000000ec080000)
  to   space 1024K, 0% used [0x00000000ebe80000,0x00000000ebe80000,0x00000000ebf80000)
 ParOldGen       total 129024K, used 102666K [0x00000000c0000000, 0x00000000c7e00000, 0x00000000eab00000)
  object space 129024K, 79% used [0x00000000c0000000,0x00000000c6442be0,0x00000000c7e00000)
 Metaspace       used 86980K, committed 88192K, reserved 1179648K
  class space    used 10140K, committed 10688K, reserved 1048576K
GC Heap History (20 events):
Event: 8457.641 GC heap before
{Heap before GC invocations=78 (full 5):
 PSYoungGen      total 20480K, used 20208K [0x00000000eab00000, 0x00000000ec500000, 0x0000000100000000)
  eden space 18432K, 100% used [0x00000000eab00000,0x00000000ebd00000,0x00000000ebd00000)
  from space 2048K, 86% used [0x00000000ec300000,0x00000000ec4bc118,0x00000000ec500000)
  to   space 2048K, 0% used [0x00000000ec100000,0x00000000ec100000,0x00000000ec300000)
 ParOldGen       total 117248K, used 110774K [0x00000000c0000000, 0x00000000c7280000, 0x00000000eab00000)
  object space 117248K, 94% used [0x00000000c0000000,0x00000000c6c2d9c0,0x00000000c7280000)
 Metaspace       used 84280K, committed 85440K, reserved 1179648K
  class space    used 9911K, committed 10432K, reserved 1048576K
}
Event: 8457.644 GC heap after
{Heap after GC invocations=78 (full 5):
 PSYoungGen      total 19456K, used 724K [0x00000000eab00000, 0x00000000ec380000, 0x0000000100000000)
  eden space 18432K, 0% used [0x00000000eab00000,0x00000000eab00000,0x00000000ebd00000)
  from space 1024K, 70% used [0x00000000ec100000,0x00000000ec1b5200,0x00000000ec200000)
  to   space 1536K, 0% used [0x00000000ec200000,0x00000000ec200000,0x00000000ec380000)
 ParOldGen       total 117248K, used 112373K [0x00000000c0000000, 0x00000000c7280000, 0x00000000eab00000)
  object space 117248K, 95% used [0x00000000c0000000,0x00000000c6dbd4f8,0x00000000c7280000)
 Metaspace       used 84280K, committed 85440K, reserved 1179648K
  class space    used 9911K, committed 10432K, reserved 1048576K
}
Event: 8458.860 GC heap before
{Heap before GC invocations=79 (full 5):
 PSYoungGen      total 19456K, used 19156K [0x00000000eab00000, 0x00000000ec380000, 0x0000000100000000)
  eden space 18432K, 100% used [0x00000000eab00000,0x00000000ebd00000,0x00000000ebd00000)
  from space 1024K, 70% used [0x00000000ec100000,0x00000000ec1b5200,0x00000000ec200000)
  to   space 1536K, 0% used [0x00000000ec200000,0x00000000ec200000,0x00000000ec380000)
 ParOldGen       total 117248K, used 112373K [0x00000000c0000000, 0x00000000c7280000, 0x00000000eab00000)
  object space 117248K, 95% used [0x00000000c0000000,0x00000000c6dbd4f8,0x00000000c7280000)
 Metaspace       used 84577K, committed 85696K, reserved 1179648K
  class space    used 9941K, committed 10432K, reserved 1048576K
}
Event: 8458.861 GC heap after
{Heap after GC invocations=79 (full 5):
 PSYoungGen      total 19456K, used 708K [0x00000000eab00000, 0x00000000ec300000, 0x0000000100000000)
  eden space 18432K, 0% used [0x00000000eab00000,0x00000000eab00000,0x00000000ebd00000)
  from space 1024K, 69% used [0x00000000ec200000,0x00000000ec2b1210,0x00000000ec300000)
  to   space 1024K, 0% used [0x00000000ec100000,0x00000000ec100000,0x00000000ec200000)
 ParOldGen       total 117248K, used 112603K [0x00000000c0000000, 0x00000000c7280000, 0x00000000eab00000)
  object space 117248K, 96% used [0x00000000c0000000,0x00000000c6df6c78,0x00000000c7280000)
 Metaspace       used 84577K, committed 85696K, reserved 1179648K
  class space    used 9941K, committed 10432K, reserved 1048576K
}
Event: 8459.670 GC heap before
{Heap before GC invocations=80 (full 5):
 PSYoungGen      total 19456K, used 19140K [0x00000000eab00000, 0x00000000ec300000, 0x0000000100000000)
  eden space 18432K, 100% used [0x00000000eab00000,0x00000000ebd00000,0x00000000ebd00000)
  from space 1024K, 69% used [0x00000000ec200000,0x00000000ec2b1210,0x00000000ec300000)
  to   space 1024K, 0% used [0x00000000ec100000,0x00000000ec100000,0x00000000ec200000)
 ParOldGen       total 117248K, used 112603K [0x00000000c0000000, 0x00000000c7280000, 0x00000000eab00000)
  object space 117248K, 96% used [0x00000000c0000000,0x00000000c6df6c78,0x00000000c7280000)
 Metaspace       used 84806K, committed 85952K, reserved 1179648K
  class space    used 9941K, committed 10432K, reserved 1048576K
}
Event: 8459.672 GC heap after
{Heap after GC invocations=80 (full 5):
 PSYoungGen      total 19456K, used 730K [0x00000000eab00000, 0x00000000ec280000, 0x0000000100000000)
  eden space 18432K, 0% used [0x00000000eab00000,0x00000000eab00000,0x00000000ebd00000)
  from space 1024K, 71% used [0x00000000ec100000,0x00000000ec1b6900,0x00000000ec200000)
  to   space 512K, 0% used [0x00000000ec200000,0x00000000ec200000,0x00000000ec280000)
 ParOldGen       total 117248K, used 113182K [0x00000000c0000000, 0x00000000c7280000, 0x00000000eab00000)
  object space 117248K, 96% used [0x00000000c0000000,0x00000000c6e878c8,0x00000000c7280000)
 Metaspace       used 84806K, committed 85952K, reserved 1179648K
  class space    used 9941K, committed 10432K, reserved 1048576K
}
Event: 8460.673 GC heap before
{Heap before GC invocations=81 (full 5):
 PSYoungGen      total 19456K, used 19162K [0x00000000eab00000, 0x00000000ec280000, 0x0000000100000000)
  eden space 18432K, 100% used [0x00000000eab00000,0x00000000ebd00000,0x00000000ebd00000)
  from space 1024K, 71% used [0x00000000ec100000,0x00000000ec1b6900,0x00000000ec200000)
  to   space 512K, 0% used [0x00000000ec200000,0x00000000ec200000,0x00000000ec280000)
 ParOldGen       total 117248K, used 113182K [0x00000000c0000000, 0x00000000c7280000, 0x00000000eab00000)
  object space 117248K, 96% used [0x00000000c0000000,0x00000000c6e878c8,0x00000000c7280000)
 Metaspace       used 85070K, committed 86208K, reserved 1179648K
  class space    used 9942K, committed 10432K, reserved 1048576K
}
Event: 8460.674 GC heap after
{Heap after GC invocations=81 (full 5):
 PSYoungGen      total 18944K, used 500K [0x00000000eab00000, 0x00000000ec280000, 0x0000000100000000)
  eden space 18432K, 0% used [0x00000000eab00000,0x00000000eab00000,0x00000000ebd00000)
  from space 512K, 97% used [0x00000000ec200000,0x00000000ec27d200,0x00000000ec280000)
  to   space 1536K, 0% used [0x00000000ebf80000,0x00000000ebf80000,0x00000000ec100000)
 ParOldGen       total 117248K, used 113873K [0x00000000c0000000, 0x00000000c7280000, 0x00000000eab00000)
  object space 117248K, 97% used [0x00000000c0000000,0x00000000c6f346b8,0x00000000c7280000)
 Metaspace       used 85070K, committed 86208K, reserved 1179648K
  class space    used 9942K, committed 10432K, reserved 1048576K
}
Event: 8461.182 GC heap before
{Heap before GC invocations=82 (full 5):
 PSYoungGen      total 18944K, used 18932K [0x00000000eab00000, 0x00000000ec280000, 0x0000000100000000)
  eden space 18432K, 100% used [0x00000000eab00000,0x00000000ebd00000,0x00000000ebd00000)
  from space 512K, 97% used [0x00000000ec200000,0x00000000ec27d200,0x00000000ec280000)
  to   space 1536K, 0% used [0x00000000ebf80000,0x00000000ebf80000,0x00000000ec100000)
 ParOldGen       total 117248K, used 113873K [0x00000000c0000000, 0x00000000c7280000, 0x00000000eab00000)
  object space 117248K, 97% used [0x00000000c0000000,0x00000000c6f346b8,0x00000000c7280000)
 Metaspace       used 85278K, committed 86400K, reserved 1179648K
  class space    used 9942K, committed 10432K, reserved 1048576K
}
Event: 8461.189 GC heap after
{Heap after GC invocations=82 (full 5):
 PSYoungGen      total 19968K, used 1146K [0x00000000eab00000, 0x00000000ec280000, 0x0000000100000000)
  eden space 18432K, 0% used [0x00000000eab00000,0x00000000eab00000,0x00000000ebd00000)
  from space 1536K, 74% used [0x00000000ebf80000,0x00000000ec09e900,0x00000000ec100000)
  to   space 1536K, 0% used [0x00000000ec100000,0x00000000ec100000,0x00000000ec280000)
 ParOldGen       total 117248K, used 114310K [0x00000000c0000000, 0x00000000c7280000, 0x00000000eab00000)
  object space 117248K, 97% used [0x00000000c0000000,0x00000000c6fa1a78,0x00000000c7280000)
 Metaspace       used 85278K, committed 86400K, reserved 1179648K
  class space    used 9942K, committed 10432K, reserved 1048576K
}
Event: 8463.089 GC heap before
{Heap before GC invocations=83 (full 5):
 PSYoungGen      total 19968K, used 19578K [0x00000000eab00000, 0x00000000ec280000, 0x0000000100000000)
  eden space 18432K, 100% used [0x00000000eab00000,0x00000000ebd00000,0x00000000ebd00000)
  from space 1536K, 74% used [0x00000000ebf80000,0x00000000ec09e900,0x00000000ec100000)
  to   space 1536K, 0% used [0x00000000ec100000,0x00000000ec100000,0x00000000ec280000)
 ParOldGen       total 117248K, used 114310K [0x00000000c0000000, 0x00000000c7280000, 0x00000000eab00000)
  object space 117248K, 97% used [0x00000000c0000000,0x00000000c6fa1a78,0x00000000c7280000)
 Metaspace       used 85431K, committed 86528K, reserved 1179648K
  class space    used 9946K, committed 10432K, reserved 1048576K
}
Event: 8463.093 GC heap after
{Heap after GC invocations=83 (full 5):
 PSYoungGen      total 18432K, used 1524K [0x00000000eab00000, 0x00000000ec800000, 0x0000000100000000)
  eden space 16896K, 0% used [0x00000000eab00000,0x00000000eab00000,0x00000000ebb80000)
  from space 1536K, 99% used [0x00000000ec100000,0x00000000ec27d200,0x00000000ec280000)
  to   space 5632K, 0% used [0x00000000ebb80000,0x00000000ebb80000,0x00000000ec100000)
 ParOldGen       total 117760K, used 117681K [0x00000000c0000000, 0x00000000c7300000, 0x00000000eab00000)
  object space 117760K, 99% used [0x00000000c0000000,0x00000000c72ec578,0x00000000c7300000)
 Metaspace       used 85431K, committed 86528K, reserved 1179648K
  class space    used 9946K, committed 10432K, reserved 1048576K
}
Event: 8463.093 GC heap before
{Heap before GC invocations=84 (full 6):
 PSYoungGen      total 18432K, used 1524K [0x00000000eab00000, 0x00000000ec800000, 0x0000000100000000)
  eden space 16896K, 0% used [0x00000000eab00000,0x00000000eab00000,0x00000000ebb80000)
  from space 1536K, 99% used [0x00000000ec100000,0x00000000ec27d200,0x00000000ec280000)
  to   space 5632K, 0% used [0x00000000ebb80000,0x00000000ebb80000,0x00000000ec100000)
 ParOldGen       total 117760K, used 117681K [0x00000000c0000000, 0x00000000c7300000, 0x00000000eab00000)
  object space 117760K, 99% used [0x00000000c0000000,0x00000000c72ec578,0x00000000c7300000)
 Metaspace       used 85431K, committed 86528K, reserved 1179648K
  class space    used 9946K, committed 10432K, reserved 1048576K
}
Event: 8463.222 GC heap after
{Heap after GC invocations=84 (full 6):
 PSYoungGen      total 22528K, used 0K [0x00000000eab00000, 0x00000000ec680000, 0x0000000100000000)
  eden space 16896K, 0% used [0x00000000eab00000,0x00000000eab00000,0x00000000ebb80000)
  from space 5632K, 0% used [0x00000000ebb80000,0x00000000ebb80000,0x00000000ec100000)
  to   space 5632K, 0% used [0x00000000ec100000,0x00000000ec100000,0x00000000ec680000)
 ParOldGen       total 129024K, used 100925K [0x00000000c0000000, 0x00000000c7e00000, 0x00000000eab00000)
  object space 129024K, 78% used [0x00000000c0000000,0x00000000c628f678,0x00000000c7e00000)
 Metaspace       used 85431K, committed 86528K, reserved 1179648K
  class space    used 9946K, committed 10432K, reserved 1048576K
}
Event: 8463.630 GC heap before
{Heap before GC invocations=85 (full 6):
 PSYoungGen      total 22528K, used 16398K [0x00000000eab00000, 0x00000000ec680000, 0x0000000100000000)
  eden space 16896K, 97% used [0x00000000eab00000,0x00000000ebb03a60,0x00000000ebb80000)
  from space 5632K, 0% used [0x00000000ebb80000,0x00000000ebb80000,0x00000000ec100000)
  to   space 5632K, 0% used [0x00000000ec100000,0x00000000ec100000,0x00000000ec680000)
 ParOldGen       total 129024K, used 100925K [0x00000000c0000000, 0x00000000c7e00000, 0x00000000eab00000)
  object space 129024K, 78% used [0x00000000c0000000,0x00000000c628f678,0x00000000c7e00000)
 Metaspace       used 85854K, committed 86976K, reserved 1179648K
  class space    used 9987K, committed 10496K, reserved 1048576K
}
Event: 8463.633 GC heap after
{Heap after GC invocations=85 (full 6):
 PSYoungGen      total 18432K, used 1463K [0x00000000eab00000, 0x00000000ec280000, 0x0000000100000000)
  eden space 16896K, 0% used [0x00000000eab00000,0x00000000eab00000,0x00000000ebb80000)
  from space 1536K, 95% used [0x00000000ec100000,0x00000000ec26dd88,0x00000000ec280000)
  to   space 3072K, 0% used [0x00000000ebc80000,0x00000000ebc80000,0x00000000ebf80000)
 ParOldGen       total 129024K, used 100933K [0x00000000c0000000, 0x00000000c7e00000, 0x00000000eab00000)
  object space 129024K, 78% used [0x00000000c0000000,0x00000000c6291678,0x00000000c7e00000)
 Metaspace       used 85854K, committed 86976K, reserved 1179648K
  class space    used 9987K, committed 10496K, reserved 1048576K
}
Event: 8464.166 GC heap before
{Heap before GC invocations=86 (full 6):
 PSYoungGen      total 18432K, used 18359K [0x00000000eab00000, 0x00000000ec280000, 0x0000000100000000)
  eden space 16896K, 100% used [0x00000000eab00000,0x00000000ebb80000,0x00000000ebb80000)
  from space 1536K, 95% used [0x00000000ec100000,0x00000000ec26dd88,0x00000000ec280000)
  to   space 3072K, 0% used [0x00000000ebc80000,0x00000000ebc80000,0x00000000ebf80000)
 ParOldGen       total 129024K, used 100933K [0x00000000c0000000, 0x00000000c7e00000, 0x00000000eab00000)
  object space 129024K, 78% used [0x00000000c0000000,0x00000000c6291678,0x00000000c7e00000)
 Metaspace       used 86903K, committed 88128K, reserved 1179648K
  class space    used 10139K, committed 10688K, reserved 1048576K
}
Event: 8464.169 GC heap after
{Heap after GC invocations=86 (full 6):
 PSYoungGen      total 19968K, used 1406K [0x00000000eab00000, 0x00000000ec180000, 0x0000000100000000)
  eden space 16896K, 0% used [0x00000000eab00000,0x00000000eab00000,0x00000000ebb80000)
  from space 3072K, 45% used [0x00000000ebc80000,0x00000000ebddf930,0x00000000ebf80000)
  to   space 2048K, 0% used [0x00000000ebf80000,0x00000000ebf80000,0x00000000ec180000)
 ParOldGen       total 129024K, used 101539K [0x00000000c0000000, 0x00000000c7e00000, 0x00000000eab00000)
  object space 129024K, 78% used [0x00000000c0000000,0x00000000c6328cb8,0x00000000c7e00000)
 Metaspace       used 86903K, committed 88128K, reserved 1179648K
  class space    used 10139K, committed 10688K, reserved 1048576K
}
Event: 8464.996 GC heap before
{Heap before GC invocations=87 (full 6):
 PSYoungGen      total 19968K, used 18302K [0x00000000eab00000, 0x00000000ec180000, 0x0000000100000000)
  eden space 16896K, 99% used [0x00000000eab00000,0x00000000ebb7ffe8,0x00000000ebb80000)
  from space 3072K, 45% used [0x00000000ebc80000,0x00000000ebddf930,0x00000000ebf80000)
  to   space 2048K, 0% used [0x00000000ebf80000,0x00000000ebf80000,0x00000000ec180000)
 ParOldGen       total 129024K, used 101539K [0x00000000c0000000, 0x00000000c7e00000, 0x00000000eab00000)
  object space 129024K, 78% used [0x00000000c0000000,0x00000000c6328cb8,0x00000000c7e00000)
 Metaspace       used 86974K, committed 88192K, reserved 1179648K
  class space    used 10140K, committed 10688K, reserved 1048576K
}
Event: 8464.998 GC heap after
{Heap after GC invocations=87 (full 6):
 PSYoungGen      total 17920K, used 538K [0x00000000eab00000, 0x00000000ec080000, 0x0000000100000000)
  eden space 16896K, 0% used [0x00000000eab00000,0x00000000eab00000,0x00000000ebb80000)
  from space 1024K, 52% used [0x00000000ebf80000,0x00000000ec006900,0x00000000ec080000)
  to   space 1024K, 0% used [0x00000000ebe80000,0x00000000ebe80000,0x00000000ebf80000)
 ParOldGen       total 129024K, used 102666K [0x00000000c0000000, 0x00000000c7e00000, 0x00000000eab00000)
  object space 129024K, 79% used [0x00000000c0000000,0x00000000c6442be0,0x00000000c7e00000)
 Metaspace       used 86974K, committed 88192K, reserved 1179648K
  class space    used 10140K, committed 10688K, reserved 1048576K
}

